12:47:10:84 [main] INFO  com.example.HctbankApplication -Starting HctbankApplication using Java 17.0.1 with PID 8456 (/Users/rampraneethreddy/Downloads/newbank/hctbank2/target/classes started by rampraneethreddy in /Users/rampraneethreddy/Downloads/newbank/hctbank2)
12:47:10:85 [main] INFO  com.example.HctbankApplication -No active profile set, falling back to 1 default profile: "default"
12:47:11:59 [main] INFO  o.s.d.r.c.RepositoryConfigurationDelegate -Bootstrapping Spring Data JPA repositories in DEFAULT mode.
12:47:11:66 [main] INFO  o.s.d.r.c.RepositoryConfigurationDelegate -Finished Spring Data repository scanning in 55 ms. Found 6 JPA repository interfaces.
12:47:12:14 [main] INFO  o.s.b.w.e.tomcat.TomcatWebServer -Tomcat initialized with port 8080 (http)
12:47:12:15 [main] INFO  o.a.coyote.http11.Http11NioProtocol -Initializing ProtocolHandler ["http-nio-8080"]
12:47:12:15 [main] INFO  o.a.catalina.core.StandardService -Starting service [Tomcat]
12:47:12:15 [main] INFO  o.a.catalina.core.StandardEngine -Starting Servlet engine: [Apache Tomcat/10.1.19]
12:47:12:20 [main] INFO  o.a.c.c.C.[Tomcat].[localhost].[/] -Initializing Spring embedded WebApplicationContext
12:47:12:20 [main] INFO  o.s.b.w.s.c.ServletWebServerApplicationContext -Root WebApplicationContext: initialization completed in 1296 ms
12:47:12:33 [main] INFO  o.h.jpa.internal.util.LogHelper -HHH000204: Processing PersistenceUnitInfo [name: default]
12:47:12:36 [main] INFO  org.hibernate.Version -HHH000412: Hibernate ORM core version 6.4.4.Final
12:47:12:38 [main] INFO  o.h.c.i.RegionFactoryInitiator -HHH000026: Second-level cache disabled
12:47:12:51 [main] INFO  o.s.o.j.p.SpringPersistenceUnitInfo -No LoadTimeWeaver setup: ignoring JPA class transformer
12:47:12:57 [main] INFO  com.zaxxer.hikari.HikariDataSource -HikariPool-1 - Starting...
12:47:12:87 [main] INFO  com.zaxxer.hikari.pool.HikariPool -HikariPool-1 - Added connection com.mysql.cj.jdbc.ConnectionImpl@67a0ff25
12:47:12:87 [main] INFO  com.zaxxer.hikari.HikariDataSource -HikariPool-1 - Start completed.
12:47:12:92 [main] WARN  org.hibernate.orm.deprecation -HHH90000025: MySQLDialect does not need to be specified explicitly using 'hibernate.dialect' (remove the property setting and it will be selected by default)
12:47:13:59 [main] INFO  o.h.e.t.j.p.i.JtaPlatformInitiator -HHH000489: No JTA platform available (set 'hibernate.transaction.jta.platform' to enable JTA platform integration)
12:47:13:70 [main] INFO  o.s.o.j.LocalContainerEntityManagerFactoryBean -Initialized JPA EntityManagerFactory for persistence unit 'default'
12:47:14:06 [main] INFO  o.s.d.j.r.query.QueryEnhancerFactory -Hibernate is in classpath; If applicable, HQL parser will be used.
12:47:14:19 [main] WARN  o.s.b.a.o.j.JpaBaseConfiguration$JpaWebConfiguration -spring.jpa.open-in-view is enabled by default. Therefore, database queries may be performed during view rendering. Explicitly configure spring.jpa.open-in-view to disable this warning
12:47:14:49 [main] INFO  o.a.coyote.http11.Http11NioProtocol -Starting ProtocolHandler ["http-nio-8080"]
12:47:14:50 [main] INFO  o.s.b.w.e.tomcat.TomcatWebServer -Tomcat started on port 8080 (http) with context path ''
12:47:14:53 [main] INFO  com.example.HctbankApplication -Started HctbankApplication in 4.034 seconds (process running for 4.823)
12:48:05:92 [RMI TCP Connection(4)-127.0.0.1] INFO  o.s.b.a.SpringApplicationAdminMXBeanRegistrar$SpringApplicationAdmin -Application shutdown requested.
12:48:05:92 [RMI TCP Connection(4)-127.0.0.1] INFO  o.a.coyote.http11.Http11NioProtocol -Stopping ProtocolHandler ["http-nio-8080"]
12:48:05:93 [RMI TCP Connection(4)-127.0.0.1] INFO  o.s.o.j.LocalContainerEntityManagerFactoryBean -Closing JPA EntityManagerFactory for persistence unit 'default'
12:48:05:94 [RMI TCP Connection(4)-127.0.0.1] INFO  com.zaxxer.hikari.HikariDataSource -HikariPool-1 - Shutdown initiated...
12:48:05:95 [RMI TCP Connection(4)-127.0.0.1] INFO  com.zaxxer.hikari.HikariDataSource -HikariPool-1 - Shutdown completed.
12:48:07:70 [main] INFO  com.example.HctbankApplication -Starting HctbankApplication using Java 17.0.1 with PID 8463 (/Users/rampraneethreddy/Downloads/newbank/hctbank2/target/classes started by rampraneethreddy in /Users/rampraneethreddy/Downloads/newbank/hctbank2)
12:48:07:70 [main] INFO  com.example.HctbankApplication -No active profile set, falling back to 1 default profile: "default"
12:48:08:42 [main] INFO  o.s.d.r.c.RepositoryConfigurationDelegate -Bootstrapping Spring Data JPA repositories in DEFAULT mode.
12:48:08:49 [main] INFO  o.s.d.r.c.RepositoryConfigurationDelegate -Finished Spring Data repository scanning in 60 ms. Found 6 JPA repository interfaces.
12:48:08:97 [main] INFO  o.s.b.w.e.tomcat.TomcatWebServer -Tomcat initialized with port 8080 (http)
12:48:08:98 [main] INFO  o.a.coyote.http11.Http11NioProtocol -Initializing ProtocolHandler ["http-nio-8080"]
12:48:08:98 [main] INFO  o.a.catalina.core.StandardService -Starting service [Tomcat]
12:48:08:98 [main] INFO  o.a.catalina.core.StandardEngine -Starting Servlet engine: [Apache Tomcat/10.1.19]
12:48:09:02 [main] INFO  o.a.c.c.C.[Tomcat].[localhost].[/] -Initializing Spring embedded WebApplicationContext
12:48:09:02 [main] INFO  o.s.b.w.s.c.ServletWebServerApplicationContext -Root WebApplicationContext: initialization completed in 1280 ms
12:48:09:15 [main] INFO  o.h.jpa.internal.util.LogHelper -HHH000204: Processing PersistenceUnitInfo [name: default]
12:48:09:17 [main] INFO  org.hibernate.Version -HHH000412: Hibernate ORM core version 6.4.4.Final
12:48:09:19 [main] INFO  o.h.c.i.RegionFactoryInitiator -HHH000026: Second-level cache disabled
12:48:09:31 [main] INFO  o.s.o.j.p.SpringPersistenceUnitInfo -No LoadTimeWeaver setup: ignoring JPA class transformer
12:48:09:36 [main] INFO  com.zaxxer.hikari.HikariDataSource -HikariPool-1 - Starting...
12:48:09:63 [main] INFO  com.zaxxer.hikari.pool.HikariPool -HikariPool-1 - Added connection com.mysql.cj.jdbc.ConnectionImpl@660296d5
12:48:09:63 [main] INFO  com.zaxxer.hikari.HikariDataSource -HikariPool-1 - Start completed.
12:48:09:67 [main] WARN  org.hibernate.orm.deprecation -HHH90000025: MySQLDialect does not need to be specified explicitly using 'hibernate.dialect' (remove the property setting and it will be selected by default)
12:48:10:32 [main] INFO  o.h.e.t.j.p.i.JtaPlatformInitiator -HHH000489: No JTA platform available (set 'hibernate.transaction.jta.platform' to enable JTA platform integration)
12:48:10:41 [main] INFO  o.s.o.j.LocalContainerEntityManagerFactoryBean -Initialized JPA EntityManagerFactory for persistence unit 'default'
12:48:10:76 [main] INFO  o.s.d.j.r.query.QueryEnhancerFactory -Hibernate is in classpath; If applicable, HQL parser will be used.
12:48:10:90 [main] WARN  o.s.b.a.o.j.JpaBaseConfiguration$JpaWebConfiguration -spring.jpa.open-in-view is enabled by default. Therefore, database queries may be performed during view rendering. Explicitly configure spring.jpa.open-in-view to disable this warning
12:48:11:18 [main] INFO  o.a.coyote.http11.Http11NioProtocol -Starting ProtocolHandler ["http-nio-8080"]
12:48:11:19 [main] INFO  o.s.b.w.e.tomcat.TomcatWebServer -Tomcat started on port 8080 (http) with context path ''
12:48:11:20 [main] INFO  com.example.HctbankApplication -Started HctbankApplication in 3.839 seconds (process running for 4.557)
12:49:00:82 [RMI TCP Connection(3)-127.0.0.1] INFO  o.s.b.a.SpringApplicationAdminMXBeanRegistrar$SpringApplicationAdmin -Application shutdown requested.
12:49:00:82 [RMI TCP Connection(3)-127.0.0.1] INFO  o.a.coyote.http11.Http11NioProtocol -Stopping ProtocolHandler ["http-nio-8080"]
12:49:00:83 [RMI TCP Connection(3)-127.0.0.1] INFO  o.s.o.j.LocalContainerEntityManagerFactoryBean -Closing JPA EntityManagerFactory for persistence unit 'default'
12:49:00:84 [RMI TCP Connection(3)-127.0.0.1] INFO  com.zaxxer.hikari.HikariDataSource -HikariPool-1 - Shutdown initiated...
12:49:00:85 [RMI TCP Connection(3)-127.0.0.1] INFO  com.zaxxer.hikari.HikariDataSource -HikariPool-1 - Shutdown completed.
13:22:29:50 [main] INFO  com.example.HctbankApplication -Starting HctbankApplication using Java 17.0.1 with PID 9030 (/Users/rampraneethreddy/Downloads/newbank/hctbank2/target/classes started by rampraneethreddy in /Users/rampraneethreddy/Downloads/newbank/hctbank2)
13:22:29:51 [main] INFO  com.example.HctbankApplication -No active profile set, falling back to 1 default profile: "default"
13:22:30:24 [main] INFO  o.s.d.r.c.RepositoryConfigurationDelegate -Bootstrapping Spring Data JPA repositories in DEFAULT mode.
13:22:30:32 [main] INFO  o.s.d.r.c.RepositoryConfigurationDelegate -Finished Spring Data repository scanning in 65 ms. Found 6 JPA repository interfaces.
13:22:30:80 [main] INFO  o.s.b.w.e.tomcat.TomcatWebServer -Tomcat initialized with port 8080 (http)
13:22:30:81 [main] INFO  o.a.coyote.http11.Http11NioProtocol -Initializing ProtocolHandler ["http-nio-8080"]
13:22:30:82 [main] INFO  o.a.catalina.core.StandardService -Starting service [Tomcat]
13:22:30:82 [main] INFO  o.a.catalina.core.StandardEngine -Starting Servlet engine: [Apache Tomcat/10.1.19]
13:22:30:86 [main] INFO  o.a.c.c.C.[Tomcat].[localhost].[/] -Initializing Spring embedded WebApplicationContext
13:22:30:86 [main] INFO  o.s.b.w.s.c.ServletWebServerApplicationContext -Root WebApplicationContext: initialization completed in 1315 ms
13:22:30:99 [main] INFO  o.h.jpa.internal.util.LogHelper -HHH000204: Processing PersistenceUnitInfo [name: default]
13:22:31:02 [main] INFO  org.hibernate.Version -HHH000412: Hibernate ORM core version 6.4.4.Final
13:22:31:04 [main] INFO  o.h.c.i.RegionFactoryInitiator -HHH000026: Second-level cache disabled
13:22:31:17 [main] INFO  o.s.o.j.p.SpringPersistenceUnitInfo -No LoadTimeWeaver setup: ignoring JPA class transformer
13:22:31:23 [main] INFO  com.zaxxer.hikari.HikariDataSource -HikariPool-1 - Starting...
13:22:31:53 [main] INFO  com.zaxxer.hikari.pool.HikariPool -HikariPool-1 - Added connection com.mysql.cj.jdbc.ConnectionImpl@4b5798c2
13:22:31:53 [main] INFO  com.zaxxer.hikari.HikariDataSource -HikariPool-1 - Start completed.
13:22:31:59 [main] WARN  org.hibernate.orm.deprecation -HHH90000025: MySQLDialect does not need to be specified explicitly using 'hibernate.dialect' (remove the property setting and it will be selected by default)
13:22:32:28 [main] INFO  o.h.e.t.j.p.i.JtaPlatformInitiator -HHH000489: No JTA platform available (set 'hibernate.transaction.jta.platform' to enable JTA platform integration)
13:22:32:37 [main] INFO  o.s.o.j.LocalContainerEntityManagerFactoryBean -Initialized JPA EntityManagerFactory for persistence unit 'default'
13:22:32:72 [main] INFO  o.s.d.j.r.query.QueryEnhancerFactory -Hibernate is in classpath; If applicable, HQL parser will be used.
13:22:32:86 [main] WARN  o.s.b.a.o.j.JpaBaseConfiguration$JpaWebConfiguration -spring.jpa.open-in-view is enabled by default. Therefore, database queries may be performed during view rendering. Explicitly configure spring.jpa.open-in-view to disable this warning
13:22:33:16 [main] INFO  o.a.coyote.http11.Http11NioProtocol -Starting ProtocolHandler ["http-nio-8080"]
13:22:33:17 [main] INFO  o.s.b.w.e.tomcat.TomcatWebServer -Tomcat started on port 8080 (http) with context path ''
13:22:33:19 [main] INFO  com.example.HctbankApplication -Started HctbankApplication in 4.043 seconds (process running for 4.854)
14:12:05:30 [HikariPool-1 housekeeper] WARN  com.zaxxer.hikari.pool.HikariPool -HikariPool-1 - Thread starvation or clock leap detected (housekeeper delta=15m33s402ms).
14:29:00:13 [HikariPool-1 housekeeper] WARN  com.zaxxer.hikari.pool.HikariPool -HikariPool-1 - Thread starvation or clock leap detected (housekeeper delta=16m54s834ms).
17:38:10:82 [HikariPool-1 housekeeper] WARN  com.zaxxer.hikari.pool.HikariPool -HikariPool-1 - Thread starvation or clock leap detected (housekeeper delta=1m9s364ms).
17:39:22:66 [HikariPool-1 housekeeper] WARN  com.zaxxer.hikari.pool.HikariPool -HikariPool-1 - Thread starvation or clock leap detected (housekeeper delta=1m11s850ms).
17:58:05:70 [HikariPool-1 housekeeper] WARN  com.zaxxer.hikari.pool.HikariPool -HikariPool-1 - Thread starvation or clock leap detected (housekeeper delta=18m43s40ms).
18:09:17:11 [HikariPool-1 housekeeper] WARN  com.zaxxer.hikari.pool.HikariPool -HikariPool-1 - Thread starvation or clock leap detected (housekeeper delta=11m11s416ms).
18:26:00:56 [HikariPool-1 housekeeper] WARN  com.zaxxer.hikari.pool.HikariPool -HikariPool-1 - Thread starvation or clock leap detected (housekeeper delta=16m43s449ms).
19:16:45:76 [HikariPool-1 housekeeper] WARN  com.zaxxer.hikari.pool.HikariPool -HikariPool-1 - Thread starvation or clock leap detected (housekeeper delta=50m45s199ms).
20:10:55:45 [HikariPool-1 housekeeper] WARN  com.zaxxer.hikari.pool.HikariPool -HikariPool-1 - Thread starvation or clock leap detected (housekeeper delta=54m9s693ms).
20:22:32:86 [HikariPool-1 housekeeper] WARN  com.zaxxer.hikari.pool.HikariPool -HikariPool-1 - Thread starvation or clock leap detected (housekeeper delta=11m37s404ms).
22:25:51:68 [HikariPool-1 housekeeper] WARN  com.zaxxer.hikari.pool.HikariPool -HikariPool-1 - Thread starvation or clock leap detected (housekeeper delta=47s922ms).
23:00:19:33 [HikariPool-1 housekeeper] WARN  com.zaxxer.hikari.pool.HikariPool -HikariPool-1 - Thread starvation or clock leap detected (housekeeper delta=34m27s651ms).
23:48:32:83 [HikariPool-1 housekeeper] WARN  com.zaxxer.hikari.pool.HikariPool -HikariPool-1 - Thread starvation or clock leap detected (housekeeper delta=48m13s508ms).
00:44:01:39 [HikariPool-1 housekeeper] WARN  com.zaxxer.hikari.pool.HikariPool -HikariPool-1 - Thread starvation or clock leap detected (housekeeper delta=55m28s554ms).
01:31:42:07 [HikariPool-1 housekeeper] WARN  com.zaxxer.hikari.pool.HikariPool -HikariPool-1 - Thread starvation or clock leap detected (housekeeper delta=47m40s685ms).
03:07:40:99 [HikariPool-1 housekeeper] WARN  com.zaxxer.hikari.pool.HikariPool -HikariPool-1 - Thread starvation or clock leap detected (housekeeper delta=1h35m58s920ms).
03:31:13:35 [HikariPool-1 housekeeper] WARN  com.zaxxer.hikari.pool.HikariPool -HikariPool-1 - Thread starvation or clock leap detected (housekeeper delta=23m32s354ms).
03:49:18:62 [HikariPool-1 housekeeper] WARN  com.zaxxer.hikari.pool.HikariPool -HikariPool-1 - Thread starvation or clock leap detected (housekeeper delta=18m5s272ms).
04:22:34:55 [HikariPool-1 housekeeper] WARN  com.zaxxer.hikari.pool.HikariPool -HikariPool-1 - Thread starvation or clock leap detected (housekeeper delta=33m15s930ms).
06:03:10:11 [HikariPool-1 housekeeper] WARN  com.zaxxer.hikari.pool.HikariPool -HikariPool-1 - Thread starvation or clock leap detected (housekeeper delta=1h40m35s559ms).
07:08:48:12 [HikariPool-1 housekeeper] WARN  com.zaxxer.hikari.pool.HikariPool -HikariPool-1 - Thread starvation or clock leap detected (housekeeper delta=1h5m38s7ms).
08:25:25:15 [HikariPool-1 housekeeper] WARN  com.zaxxer.hikari.pool.HikariPool -HikariPool-1 - Thread starvation or clock leap detected (housekeeper delta=1h16m37s29ms).
09:26:30:78 [HikariPool-1 housekeeper] WARN  com.zaxxer.hikari.pool.HikariPool -HikariPool-1 - Thread starvation or clock leap detected (housekeeper delta=1h1m5s634ms).
10:44:36:01 [HikariPool-1 housekeeper] WARN  com.zaxxer.hikari.pool.HikariPool -HikariPool-1 - Thread starvation or clock leap detected (housekeeper delta=1h18m5s227ms).
11:44:17:89 [HikariPool-1 housekeeper] WARN  com.zaxxer.hikari.pool.HikariPool -HikariPool-1 - Thread starvation or clock leap detected (housekeeper delta=59m41s878ms).
12:03:47:47 [HikariPool-1 housekeeper] WARN  com.zaxxer.hikari.pool.HikariPool -HikariPool-1 - Thread starvation or clock leap detected (housekeeper delta=19m29s586ms).
12:05:03:81 [HikariPool-1 housekeeper] WARN  com.zaxxer.hikari.pool.HikariPool -HikariPool-1 - Thread starvation or clock leap detected (housekeeper delta=1m16s342ms).
13:42:29:53 [HikariPool-1 housekeeper] WARN  com.zaxxer.hikari.pool.HikariPool -HikariPool-1 - Thread starvation or clock leap detected (housekeeper delta=15m24s931ms).
13:57:56:08 [HikariPool-1 housekeeper] WARN  com.zaxxer.hikari.pool.HikariPool -HikariPool-1 - Thread starvation or clock leap detected (housekeeper delta=15m26s555ms).
14:03:59:06 [HikariPool-1 housekeeper] WARN  com.zaxxer.hikari.pool.HikariPool -HikariPool-1 - Thread starvation or clock leap detected (housekeeper delta=6m2s978ms).
16:30:31:77 [HikariPool-1 housekeeper] WARN  com.zaxxer.hikari.pool.HikariPool -HikariPool-1 - Thread starvation or clock leap detected (housekeeper delta=16m1s793ms).
16:47:04:87 [HikariPool-1 housekeeper] WARN  com.zaxxer.hikari.pool.HikariPool -HikariPool-1 - Thread starvation or clock leap detected (housekeeper delta=16m33s98ms).
17:04:03:25 [HikariPool-1 housekeeper] WARN  com.zaxxer.hikari.pool.HikariPool -HikariPool-1 - Thread starvation or clock leap detected (housekeeper delta=15m58s351ms).
19:12:11:69 [HikariPool-1 housekeeper] WARN  com.zaxxer.hikari.pool.HikariPool -HikariPool-1 - Thread starvation or clock leap detected (housekeeper delta=49m7s765ms).
20:24:07:52 [HikariPool-1 housekeeper] WARN  com.zaxxer.hikari.pool.HikariPool -HikariPool-1 - Thread starvation or clock leap detected (housekeeper delta=1h11m55s835ms).
21:25:01:23 [HikariPool-1 housekeeper] WARN  com.zaxxer.hikari.pool.HikariPool -HikariPool-1 - Thread starvation or clock leap detected (housekeeper delta=1h53s715ms).
22:43:15:70 [HikariPool-1 housekeeper] WARN  com.zaxxer.hikari.pool.HikariPool -HikariPool-1 - Thread starvation or clock leap detected (housekeeper delta=1h18m14s462ms).
23:44:20:06 [HikariPool-1 housekeeper] WARN  com.zaxxer.hikari.pool.HikariPool -HikariPool-1 - Thread starvation or clock leap detected (housekeeper delta=1h1m4s367ms).
00:59:56:41 [HikariPool-1 housekeeper] WARN  com.zaxxer.hikari.pool.HikariPool -HikariPool-1 - Thread starvation or clock leap detected (housekeeper delta=1h15m36s345ms).
02:28:56:37 [HikariPool-1 housekeeper] WARN  com.zaxxer.hikari.pool.HikariPool -HikariPool-1 - Thread starvation or clock leap detected (housekeeper delta=1h28m59s963ms).
03:53:09:74 [HikariPool-1 housekeeper] WARN  com.zaxxer.hikari.pool.HikariPool -HikariPool-1 - Thread starvation or clock leap detected (housekeeper delta=1h24m13s367ms).
05:11:36:67 [HikariPool-1 housekeeper] WARN  com.zaxxer.hikari.pool.HikariPool -HikariPool-1 - Thread starvation or clock leap detected (housekeeper delta=1h18m26s938ms).
06:24:55:00 [HikariPool-1 housekeeper] WARN  com.zaxxer.hikari.pool.HikariPool -HikariPool-1 - Thread starvation or clock leap detected (housekeeper delta=1h13m18s329ms).
07:26:01:61 [HikariPool-1 housekeeper] WARN  com.zaxxer.hikari.pool.HikariPool -HikariPool-1 - Thread starvation or clock leap detected (housekeeper delta=1h1m6s609ms).
08:44:41:74 [HikariPool-1 housekeeper] WARN  com.zaxxer.hikari.pool.HikariPool -HikariPool-1 - Thread starvation or clock leap detected (housekeeper delta=1h18m40s128ms).
09:59:06:06 [HikariPool-1 housekeeper] WARN  com.zaxxer.hikari.pool.HikariPool -HikariPool-1 - Thread starvation or clock leap detected (housekeeper delta=1h14m24s317ms).
11:09:48:99 [HikariPool-1 housekeeper] WARN  com.zaxxer.hikari.pool.HikariPool -HikariPool-1 - Thread starvation or clock leap detected (housekeeper delta=1h10m42s930ms).
11:26:10:75 [HikariPool-1 housekeeper] WARN  com.zaxxer.hikari.pool.HikariPool -HikariPool-1 - Thread starvation or clock leap detected (housekeeper delta=16m21s764ms).
11:52:27:13 [HikariPool-1 housekeeper] WARN  com.zaxxer.hikari.pool.HikariPool -HikariPool-1 - Thread starvation or clock leap detected (housekeeper delta=26m16s378ms).
12:49:06:60 [HikariPool-1 housekeeper] WARN  com.zaxxer.hikari.pool.HikariPool -HikariPool-1 - Thread starvation or clock leap detected (housekeeper delta=15m39s90ms).
13:05:05:10 [HikariPool-1 housekeeper] WARN  com.zaxxer.hikari.pool.HikariPool -HikariPool-1 - Thread starvation or clock leap detected (housekeeper delta=15m58s499ms).
13:22:41:58 [HikariPool-1 housekeeper] WARN  com.zaxxer.hikari.pool.HikariPool -HikariPool-1 - Thread starvation or clock leap detected (housekeeper delta=17m36s479ms).
13:36:16:16 [HikariPool-1 housekeeper] WARN  com.zaxxer.hikari.pool.HikariPool -HikariPool-1 - Thread starvation or clock leap detected (housekeeper delta=13m34s580ms).
13:53:57:55 [HikariPool-1 housekeeper] WARN  com.zaxxer.hikari.pool.HikariPool -HikariPool-1 - Thread starvation or clock leap detected (housekeeper delta=4m9s538ms).
14:36:11:54 [RMI TCP Connection(784)-127.0.0.1] INFO  o.s.b.a.SpringApplicationAdminMXBeanRegistrar$SpringApplicationAdmin -Application shutdown requested.
14:36:11:69 [RMI TCP Connection(784)-127.0.0.1] INFO  o.a.coyote.http11.Http11NioProtocol -Stopping ProtocolHandler ["http-nio-8080"]
14:36:11:76 [RMI TCP Connection(784)-127.0.0.1] INFO  o.s.o.j.LocalContainerEntityManagerFactoryBean -Closing JPA EntityManagerFactory for persistence unit 'default'
14:36:11:79 [RMI TCP Connection(784)-127.0.0.1] INFO  com.zaxxer.hikari.HikariDataSource -HikariPool-1 - Shutdown initiated...
14:36:11:81 [RMI TCP Connection(784)-127.0.0.1] INFO  com.zaxxer.hikari.HikariDataSource -HikariPool-1 - Shutdown completed.
14:39:25:73 [main] INFO  o.s.t.c.s.AnnotationConfigContextLoaderUtils -Could not detect default configuration classes for test class [com.example.hctbank.HctbankApplicationTests]: HctbankApplicationTests does not declare any static, non-private, non-final, nested classes annotated with @Configuration.
14:42:02:38 [main] INFO  com.example.HctbankApplication -Starting HctbankApplication using Java 17.0.1 with PID 23233 (/Users/rampraneethreddy/Downloads/newbank/hctbank2/target/classes started by rampraneethreddy in /Users/rampraneethreddy/Downloads/newbank/hctbank2)
14:42:02:39 [main] INFO  com.example.HctbankApplication -No active profile set, falling back to 1 default profile: "default"
14:42:03:08 [main] INFO  o.s.d.r.c.RepositoryConfigurationDelegate -Bootstrapping Spring Data JPA repositories in DEFAULT mode.
14:42:03:14 [main] INFO  o.s.d.r.c.RepositoryConfigurationDelegate -Finished Spring Data repository scanning in 57 ms. Found 6 JPA repository interfaces.
14:42:03:62 [main] INFO  o.s.b.w.e.tomcat.TomcatWebServer -Tomcat initialized with port 8080 (http)
14:42:03:63 [main] INFO  o.a.coyote.http11.Http11NioProtocol -Initializing ProtocolHandler ["http-nio-8080"]
14:42:03:63 [main] INFO  o.a.catalina.core.StandardService -Starting service [Tomcat]
14:42:03:63 [main] INFO  o.a.catalina.core.StandardEngine -Starting Servlet engine: [Apache Tomcat/10.1.19]
14:42:03:67 [main] INFO  o.a.c.c.C.[Tomcat].[localhost].[/] -Initializing Spring embedded WebApplicationContext
14:42:03:67 [main] INFO  o.s.b.w.s.c.ServletWebServerApplicationContext -Root WebApplicationContext: initialization completed in 1246 ms
14:42:03:80 [main] INFO  o.h.jpa.internal.util.LogHelper -HHH000204: Processing PersistenceUnitInfo [name: default]
14:42:03:83 [main] INFO  org.hibernate.Version -HHH000412: Hibernate ORM core version 6.4.4.Final
14:42:03:84 [main] INFO  o.h.c.i.RegionFactoryInitiator -HHH000026: Second-level cache disabled
14:42:03:96 [main] INFO  o.s.o.j.p.SpringPersistenceUnitInfo -No LoadTimeWeaver setup: ignoring JPA class transformer
14:42:04:01 [main] INFO  com.zaxxer.hikari.HikariDataSource -HikariPool-1 - Starting...
14:42:04:28 [main] INFO  com.zaxxer.hikari.pool.HikariPool -HikariPool-1 - Added connection com.mysql.cj.jdbc.ConnectionImpl@31ab4859
14:42:04:28 [main] INFO  com.zaxxer.hikari.HikariDataSource -HikariPool-1 - Start completed.
14:42:04:32 [main] WARN  org.hibernate.orm.deprecation -HHH90000025: MySQLDialect does not need to be specified explicitly using 'hibernate.dialect' (remove the property setting and it will be selected by default)
14:42:04:98 [main] INFO  o.h.e.t.j.p.i.JtaPlatformInitiator -HHH000489: No JTA platform available (set 'hibernate.transaction.jta.platform' to enable JTA platform integration)
14:42:05:09 [main] INFO  o.s.o.j.LocalContainerEntityManagerFactoryBean -Initialized JPA EntityManagerFactory for persistence unit 'default'
14:42:05:43 [main] INFO  o.s.d.j.r.query.QueryEnhancerFactory -Hibernate is in classpath; If applicable, HQL parser will be used.
14:42:05:58 [main] WARN  o.s.b.a.o.j.JpaBaseConfiguration$JpaWebConfiguration -spring.jpa.open-in-view is enabled by default. Therefore, database queries may be performed during view rendering. Explicitly configure spring.jpa.open-in-view to disable this warning
14:42:05:94 [main] INFO  o.a.coyote.http11.Http11NioProtocol -Starting ProtocolHandler ["http-nio-8080"]
14:42:05:95 [main] WARN  o.s.b.w.s.c.AnnotationConfigServletWebServerApplicationContext -Exception encountered during context initialization - cancelling refresh attempt: org.springframework.context.ApplicationContextException: Failed to start bean 'webServerStartStop'
14:42:05:95 [main] INFO  o.s.o.j.LocalContainerEntityManagerFactoryBean -Closing JPA EntityManagerFactory for persistence unit 'default'
14:42:05:95 [main] INFO  com.zaxxer.hikari.HikariDataSource -HikariPool-1 - Shutdown initiated...
14:42:05:97 [main] INFO  com.zaxxer.hikari.HikariDataSource -HikariPool-1 - Shutdown completed.
14:42:05:99 [main] INFO  o.s.b.a.l.ConditionEvaluationReportLogger -

Error starting ApplicationContext. To display the condition evaluation report re-run your application with 'debug' enabled.
14:42:06:00 [main] ERROR o.s.b.d.LoggingFailureAnalysisReporter -

***************************
APPLICATION FAILED TO START
***************************

Description:

Web server failed to start. Port 8080 was already in use.

Action:

Identify and stop the process that's listening on port 8080 or configure this application to listen on another port.

14:42:19:86 [main] INFO  com.example.HctbankApplication -Starting HctbankApplication using Java 17.0.1 with PID 23238 (/Users/rampraneethreddy/Downloads/newbank/hctbank2/target/classes started by rampraneethreddy in /Users/rampraneethreddy/Downloads/newbank/hctbank2)
14:42:19:86 [main] INFO  com.example.HctbankApplication -No active profile set, falling back to 1 default profile: "default"
14:42:20:58 [main] INFO  o.s.d.r.c.RepositoryConfigurationDelegate -Bootstrapping Spring Data JPA repositories in DEFAULT mode.
14:42:20:65 [main] INFO  o.s.d.r.c.RepositoryConfigurationDelegate -Finished Spring Data repository scanning in 60 ms. Found 6 JPA repository interfaces.
14:42:21:11 [main] INFO  o.s.b.w.e.tomcat.TomcatWebServer -Tomcat initialized with port 8080 (http)
14:42:21:12 [main] INFO  o.a.coyote.http11.Http11NioProtocol -Initializing ProtocolHandler ["http-nio-8080"]
14:42:21:12 [main] INFO  o.a.catalina.core.StandardService -Starting service [Tomcat]
14:42:21:12 [main] INFO  o.a.catalina.core.StandardEngine -Starting Servlet engine: [Apache Tomcat/10.1.19]
14:42:21:17 [main] INFO  o.a.c.c.C.[Tomcat].[localhost].[/] -Initializing Spring embedded WebApplicationContext
14:42:21:17 [main] INFO  o.s.b.w.s.c.ServletWebServerApplicationContext -Root WebApplicationContext: initialization completed in 1259 ms
14:42:21:29 [main] INFO  o.h.jpa.internal.util.LogHelper -HHH000204: Processing PersistenceUnitInfo [name: default]
14:42:21:31 [main] INFO  org.hibernate.Version -HHH000412: Hibernate ORM core version 6.4.4.Final
14:42:21:32 [main] INFO  o.h.c.i.RegionFactoryInitiator -HHH000026: Second-level cache disabled
14:42:21:44 [main] INFO  o.s.o.j.p.SpringPersistenceUnitInfo -No LoadTimeWeaver setup: ignoring JPA class transformer
14:42:21:49 [main] INFO  com.zaxxer.hikari.HikariDataSource -HikariPool-1 - Starting...
14:42:21:75 [main] INFO  com.zaxxer.hikari.pool.HikariPool -HikariPool-1 - Added connection com.mysql.cj.jdbc.ConnectionImpl@a69f9d
14:42:21:75 [main] INFO  com.zaxxer.hikari.HikariDataSource -HikariPool-1 - Start completed.
14:42:21:79 [main] WARN  org.hibernate.orm.deprecation -HHH90000025: MySQLDialect does not need to be specified explicitly using 'hibernate.dialect' (remove the property setting and it will be selected by default)
14:42:22:42 [main] INFO  o.h.e.t.j.p.i.JtaPlatformInitiator -HHH000489: No JTA platform available (set 'hibernate.transaction.jta.platform' to enable JTA platform integration)
14:42:22:51 [main] INFO  o.s.o.j.LocalContainerEntityManagerFactoryBean -Initialized JPA EntityManagerFactory for persistence unit 'default'
14:42:22:84 [main] INFO  o.s.d.j.r.query.QueryEnhancerFactory -Hibernate is in classpath; If applicable, HQL parser will be used.
14:42:22:98 [main] WARN  o.s.b.a.o.j.JpaBaseConfiguration$JpaWebConfiguration -spring.jpa.open-in-view is enabled by default. Therefore, database queries may be performed during view rendering. Explicitly configure spring.jpa.open-in-view to disable this warning
14:42:23:27 [main] INFO  o.a.coyote.http11.Http11NioProtocol -Starting ProtocolHandler ["http-nio-8080"]
14:42:23:28 [main] INFO  o.s.b.w.e.tomcat.TomcatWebServer -Tomcat started on port 8080 (http) with context path ''
14:42:23:29 [main] INFO  com.example.HctbankApplication -Started HctbankApplication in 3.766 seconds (process running for 4.461)
17:00:04:58 [HikariPool-1 housekeeper] WARN  com.zaxxer.hikari.pool.HikariPool -HikariPool-1 - Thread starvation or clock leap detected (housekeeper delta=15m11s333ms).
17:31:39:36 [HikariPool-1 housekeeper] WARN  com.zaxxer.hikari.pool.HikariPool -HikariPool-1 - Thread starvation or clock leap detected (housekeeper delta=31m34s781ms).
18:15:19:71 [HikariPool-1 housekeeper] WARN  com.zaxxer.hikari.pool.HikariPool -HikariPool-1 - Thread starvation or clock leap detected (housekeeper delta=3m10s103ms).
19:32:41:03 [HikariPool-1 housekeeper] WARN  com.zaxxer.hikari.pool.HikariPool -HikariPool-1 - Thread starvation or clock leap detected (housekeeper delta=1h17m21s334ms).
20:30:06:30 [HikariPool-1 housekeeper] WARN  com.zaxxer.hikari.pool.HikariPool -HikariPool-1 - Thread starvation or clock leap detected (housekeeper delta=57m25s272ms).
21:48:34:40 [HikariPool-1 housekeeper] WARN  com.zaxxer.hikari.pool.HikariPool -HikariPool-1 - Thread starvation or clock leap detected (housekeeper delta=1h18m28s99ms).
23:02:53:84 [HikariPool-1 housekeeper] WARN  com.zaxxer.hikari.pool.HikariPool -HikariPool-1 - Thread starvation or clock leap detected (housekeeper delta=1h14m19s443ms).
00:07:41:23 [HikariPool-1 housekeeper] WARN  com.zaxxer.hikari.pool.HikariPool -HikariPool-1 - Thread starvation or clock leap detected (housekeeper delta=1h4m47s387ms).
01:26:49:44 [HikariPool-1 housekeeper] WARN  com.zaxxer.hikari.pool.HikariPool -HikariPool-1 - Thread starvation or clock leap detected (housekeeper delta=1h19m8s211ms).
02:41:19:73 [HikariPool-1 housekeeper] WARN  com.zaxxer.hikari.pool.HikariPool -HikariPool-1 - Thread starvation or clock leap detected (housekeeper delta=1h14m30s298ms).
03:36:24:34 [HikariPool-1 housekeeper] WARN  com.zaxxer.hikari.pool.HikariPool -HikariPool-1 - Thread starvation or clock leap detected (housekeeper delta=55m4s608ms).
03:59:40:60 [HikariPool-1 housekeeper] WARN  com.zaxxer.hikari.pool.HikariPool -HikariPool-1 - Thread starvation or clock leap detected (housekeeper delta=23m16s253ms).
04:30:28:41 [HikariPool-1 housekeeper] WARN  com.zaxxer.hikari.pool.HikariPool -HikariPool-1 - Thread starvation or clock leap detected (housekeeper delta=30m47s816ms).
06:06:13:37 [HikariPool-1 housekeeper] WARN  com.zaxxer.hikari.pool.HikariPool -HikariPool-1 - Thread starvation or clock leap detected (housekeeper delta=1h35m44s962ms).
07:16:28:71 [HikariPool-1 housekeeper] WARN  com.zaxxer.hikari.pool.HikariPool -HikariPool-1 - Thread starvation or clock leap detected (housekeeper delta=1h10m15s338ms).
08:17:31:49 [HikariPool-1 housekeeper] WARN  com.zaxxer.hikari.pool.HikariPool -HikariPool-1 - Thread starvation or clock leap detected (housekeeper delta=1h1m2s781ms).
09:33:42:65 [HikariPool-1 housekeeper] WARN  com.zaxxer.hikari.pool.HikariPool -HikariPool-1 - Thread starvation or clock leap detected (housekeeper delta=1h16m11s158ms).
10:38:27:59 [HikariPool-1 housekeeper] WARN  com.zaxxer.hikari.pool.HikariPool -HikariPool-1 - Thread starvation or clock leap detected (housekeeper delta=1h4m44s942ms).
11:16:10:77 [HikariPool-1 housekeeper] WARN  com.zaxxer.hikari.pool.HikariPool -HikariPool-1 - Thread starvation or clock leap detected (housekeeper delta=37m43s181ms).
11:55:40:99 [HikariPool-1 housekeeper] WARN  com.zaxxer.hikari.pool.HikariPool -HikariPool-1 - Thread starvation or clock leap detected (housekeeper delta=39m30s221ms).
11:57:35:24 [HikariPool-1 housekeeper] WARN  com.zaxxer.hikari.pool.HikariPool -HikariPool-1 - Thread starvation or clock leap detected (housekeeper delta=1m54s246ms).
12:43:20:60 [HikariPool-1 housekeeper] WARN  com.zaxxer.hikari.pool.HikariPool -HikariPool-1 - Thread starvation or clock leap detected (housekeeper delta=45s8ms).
13:40:10:31 [HikariPool-1 housekeeper] WARN  com.zaxxer.hikari.pool.HikariPool -HikariPool-1 - Thread starvation or clock leap detected (housekeeper delta=35m49s464ms).
15:55:35:27 [HikariPool-1 housekeeper] WARN  com.zaxxer.hikari.pool.HikariPool -HikariPool-1 - Thread starvation or clock leap detected (housekeeper delta=1h22m54s540ms).
16:27:52:12 [HikariPool-1 housekeeper] WARN  com.zaxxer.hikari.pool.HikariPool -HikariPool-1 - Thread starvation or clock leap detected (housekeeper delta=32m16s852ms).
17:41:34:78 [HikariPool-1 housekeeper] WARN  com.zaxxer.hikari.pool.HikariPool -HikariPool-1 - Thread starvation or clock leap detected (housekeeper delta=47m12s403ms).
18:40:14:28 [HikariPool-1 housekeeper] WARN  com.zaxxer.hikari.pool.HikariPool -HikariPool-1 - Thread starvation or clock leap detected (housekeeper delta=58m39s501ms).
18:59:28:57 [HikariPool-1 housekeeper] WARN  com.zaxxer.hikari.pool.HikariPool -HikariPool-1 - Thread starvation or clock leap detected (housekeeper delta=19m14s284ms).
19:57:51:19 [HikariPool-1 housekeeper] WARN  com.zaxxer.hikari.pool.HikariPool -HikariPool-1 - Thread starvation or clock leap detected (housekeeper delta=58m22s626ms).
21:07:04:07 [HikariPool-1 housekeeper] WARN  com.zaxxer.hikari.pool.HikariPool -HikariPool-1 - Thread starvation or clock leap detected (housekeeper delta=1h9m12s881ms).
22:25:34:37 [HikariPool-1 housekeeper] WARN  com.zaxxer.hikari.pool.HikariPool -HikariPool-1 - Thread starvation or clock leap detected (housekeeper delta=1h18m30s293ms).
23:24:06:39 [HikariPool-1 housekeeper] WARN  com.zaxxer.hikari.pool.HikariPool -HikariPool-1 - Thread starvation or clock leap detected (housekeeper delta=58m32s25ms).
00:41:05:67 [HikariPool-1 housekeeper] WARN  com.zaxxer.hikari.pool.HikariPool -HikariPool-1 - Thread starvation or clock leap detected (housekeeper delta=1h16m59s278ms).
02:20:31:58 [HikariPool-1 housekeeper] WARN  com.zaxxer.hikari.pool.HikariPool -HikariPool-1 - Thread starvation or clock leap detected (housekeeper delta=1h39m25s911ms).
03:40:57:90 [HikariPool-1 housekeeper] WARN  com.zaxxer.hikari.pool.HikariPool -HikariPool-1 - Thread starvation or clock leap detected (housekeeper delta=1h20m26s318ms).
05:20:48:97 [HikariPool-1 housekeeper] WARN  com.zaxxer.hikari.pool.HikariPool -HikariPool-1 - Thread starvation or clock leap detected (housekeeper delta=1h39m51s74ms).
06:58:46:91 [HikariPool-1 housekeeper] WARN  com.zaxxer.hikari.pool.HikariPool -HikariPool-1 - Thread starvation or clock leap detected (housekeeper delta=1h37m57s941ms).
08:12:50:04 [HikariPool-1 housekeeper] WARN  com.zaxxer.hikari.pool.HikariPool -HikariPool-1 - Thread starvation or clock leap detected (housekeeper delta=1h14m3s29ms).
09:37:49:38 [HikariPool-1 housekeeper] WARN  com.zaxxer.hikari.pool.HikariPool -HikariPool-1 - Thread starvation or clock leap detected (housekeeper delta=1h24m59s442ms).
10:40:57:28 [HikariPool-1 housekeeper] WARN  com.zaxxer.hikari.pool.HikariPool -HikariPool-1 - Thread starvation or clock leap detected (housekeeper delta=1h3m7s893ms).
11:42:03:98 [HikariPool-1 housekeeper] WARN  com.zaxxer.hikari.pool.HikariPool -HikariPool-1 - Thread starvation or clock leap detected (housekeeper delta=1h1m6s707ms).
12:58:35:84 [HikariPool-1 housekeeper] WARN  com.zaxxer.hikari.pool.HikariPool -HikariPool-1 - Thread starvation or clock leap detected (housekeeper delta=1h16m31s859ms).
13:59:56:15 [HikariPool-1 housekeeper] WARN  com.zaxxer.hikari.pool.HikariPool -HikariPool-1 - Thread starvation or clock leap detected (housekeeper delta=1h1m20s303ms).
15:11:52:07 [HikariPool-1 housekeeper] WARN  com.zaxxer.hikari.pool.HikariPool -HikariPool-1 - Thread starvation or clock leap detected (housekeeper delta=1h11m55s924ms).
16:36:02:27 [HikariPool-1 housekeeper] WARN  com.zaxxer.hikari.pool.HikariPool -HikariPool-1 - Thread starvation or clock leap detected (housekeeper delta=1h24m10s205ms).
17:09:46:54 [HikariPool-1 housekeeper] WARN  com.zaxxer.hikari.pool.HikariPool -HikariPool-1 - Thread starvation or clock leap detected (housekeeper delta=33m44s266ms).
18:14:02:81 [HikariPool-1 housekeeper] WARN  com.zaxxer.hikari.pool.HikariPool -HikariPool-1 - Thread starvation or clock leap detected (housekeeper delta=1h4m16s266ms).
19:39:39:93 [HikariPool-1 housekeeper] WARN  com.zaxxer.hikari.pool.HikariPool -HikariPool-1 - Thread starvation or clock leap detected (housekeeper delta=1h25m37s120ms).
20:50:50:19 [HikariPool-1 housekeeper] WARN  com.zaxxer.hikari.pool.HikariPool -HikariPool-1 - Thread starvation or clock leap detected (housekeeper delta=1h11m10s259ms).
21:43:50:57 [HikariPool-1 housekeeper] WARN  com.zaxxer.hikari.pool.HikariPool -HikariPool-1 - Thread starvation or clock leap detected (housekeeper delta=53m389ms).
21:55:42:13 [HikariPool-1 housekeeper] WARN  com.zaxxer.hikari.pool.HikariPool -HikariPool-1 - Thread starvation or clock leap detected (housekeeper delta=9m21s511ms).
22:15:59:74 [HikariPool-1 housekeeper] WARN  com.zaxxer.hikari.pool.HikariPool -HikariPool-1 - Thread starvation or clock leap detected (housekeeper delta=17m47s590ms).
23:24:50:72 [HikariPool-1 housekeeper] WARN  com.zaxxer.hikari.pool.HikariPool -HikariPool-1 - Thread starvation or clock leap detected (housekeeper delta=1h8m50s981ms).
00:17:23:36 [HikariPool-1 housekeeper] WARN  com.zaxxer.hikari.pool.HikariPool -HikariPool-1 - Thread starvation or clock leap detected (housekeeper delta=52m32s641ms).
01:58:07:36 [HikariPool-1 housekeeper] WARN  com.zaxxer.hikari.pool.HikariPool -HikariPool-1 - Thread starvation or clock leap detected (housekeeper delta=1h40m43s994ms).
03:21:48:62 [HikariPool-1 housekeeper] WARN  com.zaxxer.hikari.pool.HikariPool -HikariPool-1 - Thread starvation or clock leap detected (housekeeper delta=1h23m41s265ms).
05:00:04:62 [HikariPool-1 housekeeper] WARN  com.zaxxer.hikari.pool.HikariPool -HikariPool-1 - Thread starvation or clock leap detected (housekeeper delta=1h38m15s995ms).
06:39:58:43 [HikariPool-1 housekeeper] WARN  com.zaxxer.hikari.pool.HikariPool -HikariPool-1 - Thread starvation or clock leap detected (housekeeper delta=1h39m53s815ms).
07:43:42:79 [HikariPool-1 housekeeper] WARN  com.zaxxer.hikari.pool.HikariPool -HikariPool-1 - Thread starvation or clock leap detected (housekeeper delta=1h3m44s361ms).
08:50:08:13 [HikariPool-1 housekeeper] WARN  com.zaxxer.hikari.pool.HikariPool -HikariPool-1 - Thread starvation or clock leap detected (housekeeper delta=1h6m25s340ms).
10:02:46:95 [HikariPool-1 housekeeper] WARN  com.zaxxer.hikari.pool.HikariPool -HikariPool-1 - Thread starvation or clock leap detected (housekeeper delta=1h12m38s822ms).
11:18:53:64 [HikariPool-1 housekeeper] WARN  com.zaxxer.hikari.pool.HikariPool -HikariPool-1 - Thread starvation or clock leap detected (housekeeper delta=1h16m6s685ms).
11:35:23:12 [HikariPool-1 housekeeper] WARN  com.zaxxer.hikari.pool.HikariPool -HikariPool-1 - Thread starvation or clock leap detected (housekeeper delta=16m29s486ms).
12:47:46:64 [HikariPool-1 housekeeper] WARN  com.zaxxer.hikari.pool.HikariPool -HikariPool-1 - Thread starvation or clock leap detected (housekeeper delta=1h11m45s929ms).
14:04:21:84 [HikariPool-1 housekeeper] WARN  com.zaxxer.hikari.pool.HikariPool -HikariPool-1 - Thread starvation or clock leap detected (housekeeper delta=1h16m35s198ms).
15:22:46:06 [HikariPool-1 housekeeper] WARN  com.zaxxer.hikari.pool.HikariPool -HikariPool-1 - Thread starvation or clock leap detected (housekeeper delta=1h18m24s223ms).
16:40:18:44 [HikariPool-1 housekeeper] WARN  com.zaxxer.hikari.pool.HikariPool -HikariPool-1 - Thread starvation or clock leap detected (housekeeper delta=1h17m32s380ms).
17:52:47:23 [HikariPool-1 housekeeper] WARN  com.zaxxer.hikari.pool.HikariPool -HikariPool-1 - Thread starvation or clock leap detected (housekeeper delta=1h12m28s785ms).
18:53:42:63 [HikariPool-1 housekeeper] WARN  com.zaxxer.hikari.pool.HikariPool -HikariPool-1 - Thread starvation or clock leap detected (housekeeper delta=1h55s399ms).
19:54:49:17 [HikariPool-1 housekeeper] WARN  com.zaxxer.hikari.pool.HikariPool -HikariPool-1 - Thread starvation or clock leap detected (housekeeper delta=1h1m6s548ms).
21:27:50:10 [HikariPool-1 housekeeper] WARN  com.zaxxer.hikari.pool.HikariPool -HikariPool-1 - Thread starvation or clock leap detected (housekeeper delta=1h33m930ms).
22:34:24:46 [HikariPool-1 housekeeper] WARN  com.zaxxer.hikari.pool.HikariPool -HikariPool-1 - Thread starvation or clock leap detected (housekeeper delta=1h6m34s360ms).
23:48:39:87 [HikariPool-1 housekeeper] WARN  com.zaxxer.hikari.pool.HikariPool -HikariPool-1 - Thread starvation or clock leap detected (housekeeper delta=1h14m15s410ms).
01:11:07:05 [HikariPool-1 housekeeper] WARN  com.zaxxer.hikari.pool.HikariPool -HikariPool-1 - Thread starvation or clock leap detected (housekeeper delta=1h22m27s175ms).
02:47:26:91 [HikariPool-1 housekeeper] WARN  com.zaxxer.hikari.pool.HikariPool -HikariPool-1 - Thread starvation or clock leap detected (housekeeper delta=1h36m19s858ms).
04:11:32:95 [HikariPool-1 housekeeper] WARN  com.zaxxer.hikari.pool.HikariPool -HikariPool-1 - Thread starvation or clock leap detected (housekeeper delta=1h24m6s46ms).
05:08:46:65 [HikariPool-1 housekeeper] WARN  com.zaxxer.hikari.pool.HikariPool -HikariPool-1 - Thread starvation or clock leap detected (housekeeper delta=57m13s694ms).
06:43:06:64 [HikariPool-1 housekeeper] WARN  com.zaxxer.hikari.pool.HikariPool -HikariPool-1 - Thread starvation or clock leap detected (housekeeper delta=1h34m19s997ms).
08:04:48:68 [HikariPool-1 housekeeper] WARN  com.zaxxer.hikari.pool.HikariPool -HikariPool-1 - Thread starvation or clock leap detected (housekeeper delta=1h21m42s40ms).
09:17:55:68 [HikariPool-1 housekeeper] WARN  com.zaxxer.hikari.pool.HikariPool -HikariPool-1 - Thread starvation or clock leap detected (housekeeper delta=1h13m6s993ms).
10:17:52:09 [HikariPool-1 housekeeper] WARN  com.zaxxer.hikari.pool.HikariPool -HikariPool-1 - Thread starvation or clock leap detected (housekeeper delta=59m56s412ms).
11:33:23:08 [HikariPool-1 housekeeper] WARN  com.zaxxer.hikari.pool.HikariPool -HikariPool-1 - Thread starvation or clock leap detected (housekeeper delta=1h15m30s990ms).
12:12:58:66 [HikariPool-1 housekeeper] WARN  com.zaxxer.hikari.pool.HikariPool -HikariPool-1 - Thread starvation or clock leap detected (housekeeper delta=39m35s585ms).
12:18:15:53 [HikariPool-1 housekeeper] WARN  com.zaxxer.hikari.pool.HikariPool -HikariPool-1 - Thread starvation or clock leap detected (housekeeper delta=5m16s870ms).
13:52:58:72 [HikariPool-1 housekeeper] WARN  com.zaxxer.hikari.pool.HikariPool -HikariPool-1 - Thread starvation or clock leap detected (housekeeper delta=17m10s335ms).
14:00:19:46 [HikariPool-1 housekeeper] WARN  com.zaxxer.hikari.pool.HikariPool -HikariPool-1 - Thread starvation or clock leap detected (housekeeper delta=5m20s667ms).
14:18:59:97 [HikariPool-1 housekeeper] WARN  com.zaxxer.hikari.pool.HikariPool -HikariPool-1 - Thread starvation or clock leap detected (housekeeper delta=18m10s494ms).
15:00:54:28 [HikariPool-1 housekeeper] WARN  com.zaxxer.hikari.pool.HikariPool -HikariPool-1 - Thread starvation or clock leap detected (housekeeper delta=13m50s772ms).
16:55:58:34 [HikariPool-1 housekeeper] WARN  com.zaxxer.hikari.pool.HikariPool -HikariPool-1 - Thread starvation or clock leap detected (housekeeper delta=3m33s27ms).
17:29:25:66 [HikariPool-1 housekeeper] WARN  com.zaxxer.hikari.pool.HikariPool -HikariPool-1 - Thread starvation or clock leap detected (housekeeper delta=33m27s330ms).
17:38:49:57 [HikariPool-1 housekeeper] WARN  com.zaxxer.hikari.pool.HikariPool -HikariPool-1 - Thread starvation or clock leap detected (housekeeper delta=9m23s912ms).
18:27:06:55 [HikariPool-1 housekeeper] WARN  com.zaxxer.hikari.pool.HikariPool -HikariPool-1 - Thread starvation or clock leap detected (housekeeper delta=40m46s838ms).
19:47:22:45 [HikariPool-1 housekeeper] WARN  com.zaxxer.hikari.pool.HikariPool -HikariPool-1 - Thread starvation or clock leap detected (housekeeper delta=1h20m15s903ms).
20:48:28:81 [HikariPool-1 housekeeper] WARN  com.zaxxer.hikari.pool.HikariPool -HikariPool-1 - Thread starvation or clock leap detected (housekeeper delta=1h1m6s365ms).
22:21:22:23 [HikariPool-1 housekeeper] WARN  com.zaxxer.hikari.pool.HikariPool -HikariPool-1 - Thread starvation or clock leap detected (housekeeper delta=1h32m53s420ms).
23:37:47:15 [HikariPool-1 housekeeper] WARN  com.zaxxer.hikari.pool.HikariPool -HikariPool-1 - Thread starvation or clock leap detected (housekeeper delta=1h16m24s919ms).
00:54:36:31 [HikariPool-1 housekeeper] WARN  com.zaxxer.hikari.pool.HikariPool -HikariPool-1 - Thread starvation or clock leap detected (housekeeper delta=1h16m49s164ms).
02:02:23:62 [HikariPool-1 housekeeper] WARN  com.zaxxer.hikari.pool.HikariPool -HikariPool-1 - Thread starvation or clock leap detected (housekeeper delta=1h7m47s302ms).
03:40:54:68 [HikariPool-1 housekeeper] WARN  com.zaxxer.hikari.pool.HikariPool -HikariPool-1 - Thread starvation or clock leap detected (housekeeper delta=1h38m31s62ms).
05:01:19:93 [HikariPool-1 housekeeper] WARN  com.zaxxer.hikari.pool.HikariPool -HikariPool-1 - Thread starvation or clock leap detected (housekeeper delta=1h20m25s254ms).
06:43:38:90 [HikariPool-1 housekeeper] WARN  com.zaxxer.hikari.pool.HikariPool -HikariPool-1 - Thread starvation or clock leap detected (housekeeper delta=1h42m18s966ms).
08:21:27:93 [HikariPool-1 housekeeper] WARN  com.zaxxer.hikari.pool.HikariPool -HikariPool-1 - Thread starvation or clock leap detected (housekeeper delta=1h37m49s32ms).
09:33:59:21 [HikariPool-1 housekeeper] WARN  com.zaxxer.hikari.pool.HikariPool -HikariPool-1 - Thread starvation or clock leap detected (housekeeper delta=1h12m31s275ms).
10:35:17:03 [HikariPool-1 housekeeper] WARN  com.zaxxer.hikari.pool.HikariPool -HikariPool-1 - Thread starvation or clock leap detected (housekeeper delta=1h1m17s825ms).
10:54:37:81 [HikariPool-1 housekeeper] WARN  com.zaxxer.hikari.pool.HikariPool -HikariPool-1 - Thread starvation or clock leap detected (housekeeper delta=19m20s782ms).
